#
# There is insufficient memory for the Java Runtime Environment to continue.
# Native memory allocation (malloc) failed to allocate 1098576 bytes for Chunk::new
# Possible reasons:
#   The system is out of physical RAM or swap space
#   The process is running with CompressedOops enabled, and the Java Heap may be blocking the growth of the native heap
# Possible solutions:
#   Reduce memory load on the system
#   Increase physical memory or swap space
#   Check if swap backing store is full
#   Decrease Java heap size (-Xmx/-Xms)
#   Decrease number of Java threads
#   Decrease Java thread stack sizes (-Xss)
#   Set larger code cache with -XX:ReservedCodeCacheSize=
#   JVM is running with Unscaled Compressed Oops mode in which the Java heap is
#     placed in the first 4GB address space. The Java Heap base address is the
#     maximum limit for the native heap growth. Please use -XX:HeapBaseMinAddress
#     to set the Java Heap base and to place the Java Heap above 4GB virtual address.
# This output file may be truncated or incomplete.
#
#  Out of Memory Error (arena.cpp:189), pid=10500, tid=15416
#
# JRE version: OpenJDK Runtime Environment (17.0.6) (build 17.0.6+0-b2043.56-10027231)
# Java VM: OpenJDK 64-Bit Server VM (17.0.6+0-b2043.56-10027231, mixed mode, tiered, compressed oops, compressed class ptrs, g1 gc, windows-amd64)
# No core dump will be written. Minidumps are not enabled by default on client versions of Windows
#

---------------  S U M M A R Y ------------

Command Line: --add-opens=java.base/java.util=ALL-UNNAMED --add-opens=java.base/java.lang=ALL-UNNAMED --add-opens=java.base/java.lang.invoke=ALL-UNNAMED --add-opens=java.prefs/java.util.prefs=ALL-UNNAMED --add-opens=java.base/java.nio.charset=ALL-UNNAMED --add-opens=java.base/java.net=ALL-UNNAMED --add-opens=java.base/java.util.concurrent.atomic=ALL-UNNAMED -Xmx2048m -Dfile.encoding=UTF-8 -Duser.country=GB -Duser.language=en -Duser.variant org.gradle.launcher.daemon.bootstrap.GradleDaemon 8.0

Host: Intel(R) Core(TM) i5-10210U CPU @ 1.60GHz, 8 cores, 7G,  Windows 11 , 64 bit Build 22621 (10.0.22621.2215)
Time: Thu Nov  9 10:59:52 2023 West Asia Standard Time elapsed time: 22.342772 seconds (0d 0h 0m 22s)

---------------  T H R E A D  ---------------

Current thread (0x000001cf78c45e30):  JavaThread "C2 CompilerThread0" daemon [_thread_in_native, id=15416, stack(0x0000001e81d00000,0x0000001e81e00000)]


Current CompileTask:
C2:  22342 6042       4       java.net.URLClassLoader$1::run (5 bytes)

Stack: [0x0000001e81d00000,0x0000001e81e00000]
Native frames: (J=compiled Java code, j=interpreted, Vv=VM code, C=native code)
V  [jvm.dll+0x683c9a]
V  [jvm.dll+0x8427a4]
V  [jvm.dll+0x843f9e]
V  [jvm.dll+0x844603]
V  [jvm.dll+0x249b75]
V  [jvm.dll+0xabcac]
V  [jvm.dll+0xac27c]
V  [jvm.dll+0x2b0eef]
V  [jvm.dll+0x58a267]
V  [jvm.dll+0x2243b2]
V  [jvm.dll+0x22478f]
V  [jvm.dll+0x21e055]
V  [jvm.dll+0x21b51b]
V  [jvm.dll+0x1a4fdd]
V  [jvm.dll+0x22b098]
V  [jvm.dll+0x229159]
V  [jvm.dll+0x7f81ec]
V  [jvm.dll+0x7f274a]
V  [jvm.dll+0x682ad5]
C  [ucrtbase.dll+0x29363]
C  [KERNEL32.DLL+0x1257d]
C  [ntdll.dll+0x5aa68]


---------------  P R O C E S S  ---------------

Threads class SMR info:
_java_thread_list=0x000001cf7db4a2d0, length=68, elements={
0x000001cf5e1d9da0, 0x000001cf78c13260, 0x000001cf78c140d0, 0x000001cf78055520,
0x000001cf78c3e120, 0x000001cf78c40be0, 0x000001cf78c41590, 0x000001cf78c45e30,
0x000001cf78c605b0, 0x000001cf78c63790, 0x000001cf78dcaf10, 0x000001cf78dcb3e0,
0x000001cf7a4ea130, 0x000001cf7a531240, 0x000001cf79fed130, 0x000001cf79052410,
0x000001cf7a623440, 0x000001cf79a18540, 0x000001cf7a58c860, 0x000001cf78d29df0,
0x000001cf78d2a2c0, 0x000001cf78d2a790, 0x000001cf78d2bad0, 0x000001cf78d2bfa0,
0x000001cf78d2b130, 0x000001cf78d2c470, 0x000001cf78d2ac60, 0x000001cf78d2ce10,
0x000001cf78d29920, 0x000001cf78d2d2e0, 0x000001cf78d2c940, 0x000001cf78d2b600,
0x000001cf7cfb02b0, 0x000001cf7cfb4fb0, 0x000001cf7cfb3c70, 0x000001cf7cfae100,
0x000001cf7cfb4ae0, 0x000001cf7cfb0c50, 0x000001cf7cfb32d0, 0x000001cf7cfb37a0,
0x000001cf7bf3fa40, 0x000001cf7bf39ed0, 0x000001cf7bf3a3a0, 0x000001cf7bf3a870,
0x000001cf7bf3e700, 0x000001cf7bf39060, 0x000001cf7bf3ad40, 0x000001cf7bf3cef0,
0x000001cf7bf3d890, 0x000001cf7bf408b0, 0x000001cf7bf3ca20, 0x000001cf7bf3ff10,
0x000001cf7bf403e0, 0x000001cf7bf3b210, 0x000001cf7bf39530, 0x000001cf7bf3f570,
0x000001cf7bf39a00, 0x000001cf7bf3b6e0, 0x000001cf7bf3bbb0, 0x000001cf7bf3c080,
0x000001cf7bf3c550, 0x000001cf7bf3d3c0, 0x000001cf7bf3f0a0, 0x000001cf7bf3dd60,
0x000001cf7bf3e230, 0x000001cf7bf3ebd0, 0x000001cf7cf32d30, 0x000001cf7cf34070
}

Java Threads: ( => current thread )
  0x000001cf5e1d9da0 JavaThread "main" [_thread_blocked, id=22236, stack(0x0000001e81000000,0x0000001e81100000)]
  0x000001cf78c13260 JavaThread "Reference Handler" daemon [_thread_blocked, id=21564, stack(0x0000001e81700000,0x0000001e81800000)]
  0x000001cf78c140d0 JavaThread "Finalizer" daemon [_thread_blocked, id=5752, stack(0x0000001e81800000,0x0000001e81900000)]
  0x000001cf78055520 JavaThread "Signal Dispatcher" daemon [_thread_blocked, id=18404, stack(0x0000001e81900000,0x0000001e81a00000)]
  0x000001cf78c3e120 JavaThread "Attach Listener" daemon [_thread_blocked, id=21360, stack(0x0000001e81a00000,0x0000001e81b00000)]
  0x000001cf78c40be0 JavaThread "Service Thread" daemon [_thread_blocked, id=6996, stack(0x0000001e81b00000,0x0000001e81c00000)]
  0x000001cf78c41590 JavaThread "Monitor Deflation Thread" daemon [_thread_blocked, id=20716, stack(0x0000001e81c00000,0x0000001e81d00000)]
=>0x000001cf78c45e30 JavaThread "C2 CompilerThread0" daemon [_thread_in_native, id=15416, stack(0x0000001e81d00000,0x0000001e81e00000)]
  0x000001cf78c605b0 JavaThread "C1 CompilerThread0" daemon [_thread_blocked, id=19524, stack(0x0000001e81e00000,0x0000001e81f00000)]
  0x000001cf78c63790 JavaThread "Sweeper thread" daemon [_thread_blocked, id=21828, stack(0x0000001e81f00000,0x0000001e82000000)]
  0x000001cf78dcaf10 JavaThread "Common-Cleaner" daemon [_thread_blocked, id=20876, stack(0x0000001e82000000,0x0000001e82100000)]
  0x000001cf78dcb3e0 JavaThread "Notification Thread" daemon [_thread_blocked, id=16052, stack(0x0000001e82100000,0x0000001e82200000)]
  0x000001cf7a4ea130 JavaThread "Daemon health stats" [_thread_blocked, id=4472, stack(0x0000001e82700000,0x0000001e82800000)]
  0x000001cf7a531240 JavaThread "Incoming local TCP Connector on port 49673" [_thread_in_native, id=20252, stack(0x0000001e82800000,0x0000001e82900000)]
  0x000001cf79fed130 JavaThread "Daemon periodic checks" [_thread_blocked, id=20904, stack(0x0000001e82900000,0x0000001e82a00000)]
  0x000001cf79052410 JavaThread "Daemon" [_thread_blocked, id=21232, stack(0x0000001e82a00000,0x0000001e82b00000)]
  0x000001cf7a623440 JavaThread "Handler for socket connection from /127.0.0.1:49673 to /127.0.0.1:50171" [_thread_in_native, id=18252, stack(0x0000001e82b00000,0x0000001e82c00000)]
  0x000001cf79a18540 JavaThread "Cancel handler" [_thread_blocked, id=21328, stack(0x0000001e82c00000,0x0000001e82d00000)]
  0x000001cf7a58c860 JavaThread "Daemon worker" [_thread_blocked, id=18044, stack(0x0000001e82d00000,0x0000001e82e00000)]
  0x000001cf78d29df0 JavaThread "Asynchronous log dispatcher for DefaultDaemonConnection: socket connection from /127.0.0.1:49673 to /127.0.0.1:50171" [_thread_blocked, id=12656, stack(0x0000001e82e00000,0x0000001e82f00000)]
  0x000001cf78d2a2c0 JavaThread "Stdin handler" [_thread_blocked, id=5696, stack(0x0000001e82f00000,0x0000001e83000000)]
  0x000001cf78d2a790 JavaThread "Daemon client event forwarder" [_thread_blocked, id=12636, stack(0x0000001e83000000,0x0000001e83100000)]
  0x000001cf78d2bad0 JavaThread "Cache worker for journal cache (C:\Users\Intel\.gradle\caches\journal-1)" [_thread_blocked, id=19504, stack(0x0000001e83500000,0x0000001e83600000)]
  0x000001cf78d2bfa0 JavaThread "File lock request listener" [_thread_in_native, id=21996, stack(0x0000001e83600000,0x0000001e83700000)]
  0x000001cf78d2b130 JavaThread "Cache worker for file hash cache (C:\Users\Intel\.gradle\caches\8.0\fileHashes)" [_thread_blocked, id=15052, stack(0x0000001e83700000,0x0000001e83800000)]
  0x000001cf78d2c470 JavaThread "File watcher server" daemon [_thread_in_native, id=696, stack(0x0000001e83800000,0x0000001e83900000)]
  0x000001cf78d2ac60 JavaThread "File watcher consumer" daemon [_thread_blocked, id=16040, stack(0x0000001e83900000,0x0000001e83a00000)]
  0x000001cf78d2ce10 JavaThread "jar transforms" [_thread_blocked, id=14896, stack(0x0000001e83a00000,0x0000001e83b00000)]
  0x000001cf78d29920 JavaThread "jar transforms Thread 2" [_thread_blocked, id=10580, stack(0x0000001e83b00000,0x0000001e83c00000)]
  0x000001cf78d2d2e0 JavaThread "jar transforms Thread 3" [_thread_blocked, id=21976, stack(0x0000001e83c00000,0x0000001e83d00000)]
  0x000001cf78d2c940 JavaThread "jar transforms Thread 4" [_thread_blocked, id=15512, stack(0x0000001e83d00000,0x0000001e83e00000)]
  0x000001cf78d2b600 JavaThread "jar transforms Thread 5" [_thread_blocked, id=17636, stack(0x0000001e83e00000,0x0000001e83f00000)]
  0x000001cf7cfb02b0 JavaThread "jar transforms Thread 6" [_thread_blocked, id=17124, stack(0x0000001e83f00000,0x0000001e84000000)]
  0x000001cf7cfb4fb0 JavaThread "jar transforms Thread 7" [_thread_blocked, id=17088, stack(0x0000001e84000000,0x0000001e84100000)]
  0x000001cf7cfb3c70 JavaThread "jar transforms Thread 8" [_thread_blocked, id=20116, stack(0x0000001e84100000,0x0000001e84200000)]
  0x000001cf7cfae100 JavaThread "Cache worker for file content cache (C:\Users\Intel\.gradle\caches\8.0\fileContent)" [_thread_blocked, id=10028, stack(0x0000001e84500000,0x0000001e84600000)]
  0x000001cf7cfb4ae0 JavaThread "Cache worker for execution history cache (C:\Users\Intel\.gradle\caches\8.0\executionHistory)" [_thread_blocked, id=11540, stack(0x0000001e84800000,0x0000001e84900000)]
  0x000001cf7cfb0c50 JavaThread "Cache worker for kotlin-dsl (C:\Users\Intel\.gradle\caches\8.0\kotlin-dsl)" [_thread_blocked, id=14300, stack(0x0000001e84900000,0x0000001e84a00000)]
  0x000001cf7cfb32d0 JavaThread "Unconstrained build operations" [_thread_blocked, id=5040, stack(0x0000001e84c00000,0x0000001e84d00000)]
  0x000001cf7cfb37a0 JavaThread "Unconstrained build operations Thread 2" [_thread_blocked, id=9232, stack(0x0000001e84d00000,0x0000001e84e00000)]
  0x000001cf7bf3fa40 JavaThread "Unconstrained build operations Thread 3" [_thread_blocked, id=15928, stack(0x0000001e84e00000,0x0000001e84f00000)]
  0x000001cf7bf39ed0 JavaThread "Unconstrained build operations Thread 4" [_thread_blocked, id=12792, stack(0x0000001e84f00000,0x0000001e85000000)]
  0x000001cf7bf3a3a0 JavaThread "Unconstrained build operations Thread 5" [_thread_blocked, id=5732, stack(0x0000001e85000000,0x0000001e85100000)]
  0x000001cf7bf3a870 JavaThread "Unconstrained build operations Thread 6" [_thread_blocked, id=15312, stack(0x0000001e85100000,0x0000001e85200000)]
  0x000001cf7bf3e700 JavaThread "Unconstrained build operations Thread 7" [_thread_blocked, id=9984, stack(0x0000001e85200000,0x0000001e85300000)]
  0x000001cf7bf39060 JavaThread "Unconstrained build operations Thread 8" [_thread_blocked, id=18228, stack(0x0000001e85300000,0x0000001e85400000)]
  0x000001cf7bf3ad40 JavaThread "Unconstrained build operations Thread 9" [_thread_blocked, id=19728, stack(0x0000001e85400000,0x0000001e85500000)]
  0x000001cf7bf3cef0 JavaThread "Unconstrained build operations Thread 10" [_thread_blocked, id=22228, stack(0x0000001e85500000,0x0000001e85600000)]
  0x000001cf7bf3d890 JavaThread "Unconstrained build operations Thread 11" [_thread_blocked, id=21024, stack(0x0000001e85600000,0x0000001e85700000)]
  0x000001cf7bf408b0 JavaThread "Unconstrained build operations Thread 12" [_thread_blocked, id=9628, stack(0x0000001e85700000,0x0000001e85800000)]
  0x000001cf7bf3ca20 JavaThread "Unconstrained build operations Thread 13" [_thread_blocked, id=13856, stack(0x0000001e85800000,0x0000001e85900000)]
  0x000001cf7bf3ff10 JavaThread "Unconstrained build operations Thread 14" [_thread_blocked, id=21376, stack(0x0000001e85900000,0x0000001e85a00000)]
  0x000001cf7bf403e0 JavaThread "Unconstrained build operations Thread 15" [_thread_blocked, id=22296, stack(0x0000001e85a00000,0x0000001e85b00000)]
  0x000001cf7bf3b210 JavaThread "Unconstrained build operations Thread 16" [_thread_blocked, id=17540, stack(0x0000001e85b00000,0x0000001e85c00000)]
  0x000001cf7bf39530 JavaThread "Unconstrained build operations Thread 17" [_thread_blocked, id=9952, stack(0x0000001e85c00000,0x0000001e85d00000)]
  0x000001cf7bf3f570 JavaThread "Unconstrained build operations Thread 18" [_thread_blocked, id=4736, stack(0x0000001e85d00000,0x0000001e85e00000)]
  0x000001cf7bf39a00 JavaThread "Unconstrained build operations Thread 19" [_thread_blocked, id=22320, stack(0x0000001e85e00000,0x0000001e85f00000)]
  0x000001cf7bf3b6e0 JavaThread "Unconstrained build operations Thread 20" [_thread_blocked, id=20868, stack(0x0000001e85f00000,0x0000001e86000000)]
  0x000001cf7bf3bbb0 JavaThread "Unconstrained build operations Thread 21" [_thread_blocked, id=10508, stack(0x0000001e86000000,0x0000001e86100000)]
  0x000001cf7bf3c080 JavaThread "Unconstrained build operations Thread 22" [_thread_blocked, id=21212, stack(0x0000001e86100000,0x0000001e86200000)]
  0x000001cf7bf3c550 JavaThread "Unconstrained build operations Thread 23" [_thread_blocked, id=11548, stack(0x0000001e86200000,0x0000001e86300000)]
  0x000001cf7bf3d3c0 JavaThread "Unconstrained build operations Thread 24" [_thread_blocked, id=21728, stack(0x0000001e86300000,0x0000001e86400000)]
  0x000001cf7bf3f0a0 JavaThread "Unconstrained build operations Thread 25" [_thread_blocked, id=21812, stack(0x0000001e86400000,0x0000001e86500000)]
  0x000001cf7bf3dd60 JavaThread "Unconstrained build operations Thread 26" [_thread_blocked, id=15160, stack(0x0000001e86500000,0x0000001e86600000)]
  0x000001cf7bf3e230 JavaThread "Unconstrained build operations Thread 27" [_thread_blocked, id=15020, stack(0x0000001e86600000,0x0000001e86700000)]
  0x000001cf7bf3ebd0 JavaThread "Unconstrained build operations Thread 28" [_thread_blocked, id=14372, stack(0x0000001e86700000,0x0000001e86800000)]
  0x000001cf7cf32d30 JavaThread "Unconstrained build operations Thread 29" [_thread_blocked, id=14952, stack(0x0000001e86800000,0x0000001e86900000)]
  0x000001cf7cf34070 JavaThread "Unconstrained build operations Thread 30" [_thread_blocked, id=17916, stack(0x0000001e86900000,0x0000001e86a00000)]

Other Threads:
  0x000001cf7803fa20 VMThread "VM Thread" [stack: 0x0000001e81600000,0x0000001e81700000] [id=17256]
  0x000001cf5e258e90 WatcherThread [stack: 0x0000001e82200000,0x0000001e82300000] [id=18212]
  0x000001cf5e234eb0 GCTaskThread "GC Thread#0" [stack: 0x0000001e81100000,0x0000001e81200000] [id=19540]
  0x000001cf79cd60a0 GCTaskThread "GC Thread#1" [stack: 0x0000001e82300000,0x0000001e82400000] [id=22240]
  0x000001cf79cd67b0 GCTaskThread "GC Thread#2" [stack: 0x0000001e82400000,0x0000001e82500000] [id=15328]
  0x000001cf796cd060 GCTaskThread "GC Thread#3" [stack: 0x0000001e82500000,0x0000001e82600000] [id=18240]
  0x000001cf7a23fd50 GCTaskThread "GC Thread#4" [stack: 0x0000001e82600000,0x0000001e82700000] [id=4476]
  0x000001cf79c7d520 GCTaskThread "GC Thread#5" [stack: 0x0000001e83100000,0x0000001e83200000] [id=17260]
  0x000001cf78d30100 GCTaskThread "GC Thread#6" [stack: 0x0000001e83200000,0x0000001e83300000] [id=17568]
  0x000001cf798e70a0 GCTaskThread "GC Thread#7" [stack: 0x0000001e83300000,0x0000001e83400000] [id=7876]
  0x000001cf5e245df0 ConcurrentGCThread "G1 Main Marker" [stack: 0x0000001e81200000,0x0000001e81300000] [id=12548]
  0x000001cf5e246fa0 ConcurrentGCThread "G1 Conc#0" [stack: 0x0000001e81300000,0x0000001e81400000] [id=19436]
  0x000001cf7929b9e0 ConcurrentGCThread "G1 Conc#1" [stack: 0x0000001e83400000,0x0000001e83500000] [id=4032]
  0x000001cf77e960e0 ConcurrentGCThread "G1 Refine#0" [stack: 0x0000001e81400000,0x0000001e81500000] [id=12660]
  0x000001cf7cde3160 ConcurrentGCThread "G1 Refine#1" [stack: 0x0000001e84200000,0x0000001e84300000] [id=18964]
  0x000001cf77e967b0 ConcurrentGCThread "G1 Service" [stack: 0x0000001e81500000,0x0000001e81600000] [id=5756]

Threads with active compile tasks:
C2 CompilerThread0    22404 6042       4       java.net.URLClassLoader$1::run (5 bytes)

VM state: not at safepoint (normal execution)

VM Mutex/Monitor currently owned by a thread: None

OutOfMemory and StackOverflow Exception counts:
OutOfMemoryError java_heap_errors=1
LinkageErrors=154

Heap address: 0x0000000080000000, size: 2048 MB, Compressed Oops mode: 32-bit

CDS archive(s) not mapped
Compressed class space mapped at: 0x0000000100000000-0x0000000140000000, reserved size: 1073741824
Narrow klass base: 0x0000000000000000, Narrow klass shift: 3, Narrow klass range: 0x140000000

GC Precious Log:
 CPUs: 8 total, 8 available
 Memory: 8025M
 Large Page Support: Disabled
 NUMA Support: Disabled
 Compressed Oops: Enabled (32-bit)
 Heap Region Size: 1M
 Heap Min Capacity: 8M
 Heap Initial Capacity: 126M
 Heap Max Capacity: 2G
 Pre-touch: Disabled
 Parallel Workers: 8
 Concurrent Workers: 2
 Concurrent Refinement Workers: 8
 Periodic GC: Disabled

Heap:
 garbage-first heap   total 121856K, used 94871K [0x0000000080000000, 0x0000000100000000)
  region size 1024K, 28 young (28672K), 4 survivors (4096K)
 Metaspace       used 56334K, committed 57024K, reserved 1105920K
  class space    used 7600K, committed 7936K, reserved 1048576K

Heap Regions: E=young(eden), S=young(survivor), O=old, HS=humongous(starts), HC=humongous(continues), CS=collection set, F=free, OA=open archive, CA=closed archive, TAMS=top-at-mark-start (previous, next)
|   0|0x0000000080000000, 0x0000000080100000, 0x0000000080100000|100%|HS|  |TAMS 0x0000000080100000, 0x0000000080000000| Complete 
|   1|0x0000000080100000, 0x0000000080200000, 0x0000000080200000|100%|HC|  |TAMS 0x0000000080200000, 0x0000000080100000| Complete 
|   2|0x0000000080200000, 0x0000000080300000, 0x0000000080300000|100%|HC|  |TAMS 0x0000000080300000, 0x0000000080200000| Complete 
|   3|0x0000000080300000, 0x0000000080400000, 0x0000000080400000|100%|HC|  |TAMS 0x0000000080400000, 0x0000000080300000| Complete 
|   4|0x0000000080400000, 0x0000000080500000, 0x0000000080500000|100%| O|  |TAMS 0x0000000080500000, 0x0000000080400000| Untracked 
|   5|0x0000000080500000, 0x0000000080600000, 0x0000000080600000|100%| O|  |TAMS 0x0000000080600000, 0x0000000080500000| Untracked 
|   6|0x0000000080600000, 0x0000000080700000, 0x0000000080700000|100%| O|  |TAMS 0x0000000080700000, 0x0000000080600000| Untracked 
|   7|0x0000000080700000, 0x0000000080800000, 0x0000000080800000|100%| O|  |TAMS 0x0000000080800000, 0x0000000080700000| Untracked 
|   8|0x0000000080800000, 0x0000000080900000, 0x0000000080900000|100%| O|  |TAMS 0x0000000080900000, 0x0000000080800000| Untracked 
|   9|0x0000000080900000, 0x0000000080a00000, 0x0000000080a00000|100%| O|  |TAMS 0x0000000080a00000, 0x0000000080900000| Untracked 
|  10|0x0000000080a00000, 0x0000000080b00000, 0x0000000080b00000|100%| O|  |TAMS 0x0000000080b00000, 0x0000000080a00000| Untracked 
|  11|0x0000000080b00000, 0x0000000080b48e00, 0x0000000080c00000| 28%| O|  |TAMS 0x0000000080b48e00, 0x0000000080b00000| Untracked 
|  12|0x0000000080c00000, 0x0000000080d00000, 0x0000000080d00000|100%| O|  |TAMS 0x0000000080d00000, 0x0000000080c00000| Untracked 
|  13|0x0000000080d00000, 0x0000000080e00000, 0x0000000080e00000|100%| O|  |TAMS 0x0000000080e00000, 0x0000000080d00000| Untracked 
|  14|0x0000000080e00000, 0x0000000080f00000, 0x0000000080f00000|100%| O|  |TAMS 0x0000000080f00000, 0x0000000080e00000| Untracked 
|  15|0x0000000080f00000, 0x0000000081000000, 0x0000000081000000|100%| O|  |TAMS 0x0000000081000000, 0x0000000080f00000| Untracked 
|  16|0x0000000081000000, 0x0000000081100000, 0x0000000081100000|100%| O|  |TAMS 0x0000000081100000, 0x0000000081000000| Untracked 
|  17|0x0000000081100000, 0x0000000081200000, 0x0000000081200000|100%| O|  |TAMS 0x0000000081200000, 0x0000000081100000| Untracked 
|  18|0x0000000081200000, 0x0000000081300000, 0x0000000081300000|100%| O|  |TAMS 0x0000000081300000, 0x0000000081200000| Untracked 
|  19|0x0000000081300000, 0x0000000081400000, 0x0000000081400000|100%|HS|  |TAMS 0x0000000081400000, 0x0000000081300000| Complete 
|  20|0x0000000081400000, 0x0000000081500000, 0x0000000081500000|100%|HC|  |TAMS 0x0000000081500000, 0x0000000081400000| Complete 
|  21|0x0000000081500000, 0x0000000081600000, 0x0000000081600000|100%|HS|  |TAMS 0x0000000081600000, 0x0000000081500000| Complete 
|  22|0x0000000081600000, 0x0000000081700000, 0x0000000081700000|100%|HC|  |TAMS 0x0000000081700000, 0x0000000081600000| Complete 
|  23|0x0000000081700000, 0x0000000081800000, 0x0000000081800000|100%|HC|  |TAMS 0x0000000081800000, 0x0000000081700000| Complete 
|  24|0x0000000081800000, 0x0000000081900000, 0x0000000081900000|100%| O|  |TAMS 0x0000000081900000, 0x0000000081800000| Untracked 
|  25|0x0000000081900000, 0x0000000081a00000, 0x0000000081a00000|100%| O|  |TAMS 0x0000000081a00000, 0x0000000081900000| Untracked 
|  26|0x0000000081a00000, 0x0000000081b00000, 0x0000000081b00000|100%| O|  |TAMS 0x0000000081b00000, 0x0000000081a00000| Untracked 
|  27|0x0000000081b00000, 0x0000000081c00000, 0x0000000081c00000|100%|HS|  |TAMS 0x0000000081c00000, 0x0000000081b00000| Complete 
|  28|0x0000000081c00000, 0x0000000081d00000, 0x0000000081d00000|100%|HC|  |TAMS 0x0000000081d00000, 0x0000000081c00000| Complete 
|  29|0x0000000081d00000, 0x0000000081e00000, 0x0000000081e00000|100%|HC|  |TAMS 0x0000000081e00000, 0x0000000081d00000| Complete 
|  30|0x0000000081e00000, 0x0000000081f00000, 0x0000000081f00000|100%| O|  |TAMS 0x0000000081f00000, 0x0000000081e00000| Untracked 
|  31|0x0000000081f00000, 0x0000000082000000, 0x0000000082000000|100%| O|  |TAMS 0x0000000082000000, 0x0000000081f00000| Untracked 
|  32|0x0000000082000000, 0x0000000082100000, 0x0000000082100000|100%| O|  |TAMS 0x0000000082100000, 0x0000000082000000| Untracked 
|  33|0x0000000082100000, 0x0000000082200000, 0x0000000082200000|100%|HS|  |TAMS 0x0000000082200000, 0x0000000082100000| Complete 
|  34|0x0000000082200000, 0x0000000082300000, 0x0000000082300000|100%|HC|  |TAMS 0x0000000082300000, 0x0000000082200000| Complete 
|  35|0x0000000082300000, 0x0000000082400000, 0x0000000082400000|100%| O|  |TAMS 0x0000000082400000, 0x0000000082300000| Untracked 
|  36|0x0000000082400000, 0x0000000082500000, 0x0000000082500000|100%| O|  |TAMS 0x0000000082500000, 0x0000000082400000| Untracked 
|  37|0x0000000082500000, 0x0000000082600000, 0x0000000082600000|100%| O|  |TAMS 0x0000000082600000, 0x0000000082500000| Untracked 
|  38|0x0000000082600000, 0x0000000082700000, 0x0000000082700000|100%| O|  |TAMS 0x0000000082700000, 0x0000000082600000| Untracked 
|  39|0x0000000082700000, 0x0000000082800000, 0x0000000082800000|100%| O|  |TAMS 0x0000000082800000, 0x0000000082700000| Untracked 
|  40|0x0000000082800000, 0x0000000082900000, 0x0000000082900000|100%| O|  |TAMS 0x0000000082900000, 0x0000000082800000| Untracked 
|  41|0x0000000082900000, 0x0000000082a00000, 0x0000000082a00000|100%| O|  |TAMS 0x0000000082a00000, 0x0000000082900000| Untracked 
|  42|0x0000000082a00000, 0x0000000082b00000, 0x0000000082b00000|100%|HS|  |TAMS 0x0000000082b00000, 0x0000000082a00000| Complete 
|  43|0x0000000082b00000, 0x0000000082c00000, 0x0000000082c00000|100%|HC|  |TAMS 0x0000000082c00000, 0x0000000082b00000| Complete 
|  44|0x0000000082c00000, 0x0000000082d00000, 0x0000000082d00000|100%|HC|  |TAMS 0x0000000082d00000, 0x0000000082c00000| Complete 
|  45|0x0000000082d00000, 0x0000000082e00000, 0x0000000082e00000|100%| O|  |TAMS 0x0000000082e00000, 0x0000000082d00000| Untracked 
|  46|0x0000000082e00000, 0x0000000082f00000, 0x0000000082f00000|100%|HS|  |TAMS 0x0000000082f00000, 0x0000000082e00000| Complete 
|  47|0x0000000082f00000, 0x0000000083000000, 0x0000000083000000|100%|HC|  |TAMS 0x0000000083000000, 0x0000000082f00000| Complete 
|  48|0x0000000083000000, 0x0000000083100000, 0x0000000083100000|100%|HC|  |TAMS 0x0000000083100000, 0x0000000083000000| Complete 
|  49|0x0000000083100000, 0x0000000083200000, 0x0000000083200000|100%|HC|  |TAMS 0x0000000083200000, 0x0000000083100000| Complete 
|  50|0x0000000083200000, 0x0000000083300000, 0x0000000083300000|100%|HC|  |TAMS 0x0000000083300000, 0x0000000083200000| Complete 
|  51|0x0000000083300000, 0x0000000083400000, 0x0000000083400000|100%|HC|  |TAMS 0x0000000083400000, 0x0000000083300000| Complete 
|  52|0x0000000083400000, 0x0000000083500000, 0x0000000083500000|100%|HC|  |TAMS 0x0000000083500000, 0x0000000083400000| Complete 
|  53|0x0000000083500000, 0x0000000083600000, 0x0000000083600000|100%|HC|  |TAMS 0x0000000083600000, 0x0000000083500000| Complete 
|  54|0x0000000083600000, 0x0000000083700000, 0x0000000083700000|100%|HC|  |TAMS 0x0000000083700000, 0x0000000083600000| Complete 
|  55|0x0000000083700000, 0x0000000083800000, 0x0000000083800000|100%|HC|  |TAMS 0x0000000083800000, 0x0000000083700000| Complete 
|  56|0x0000000083800000, 0x0000000083900000, 0x0000000083900000|100%|HC|  |TAMS 0x0000000083900000, 0x0000000083800000| Complete 
|  57|0x0000000083900000, 0x0000000083a00000, 0x0000000083a00000|100%|HC|  |TAMS 0x0000000083a00000, 0x0000000083900000| Complete 
|  58|0x0000000083a00000, 0x0000000083b00000, 0x0000000083b00000|100%| O|  |TAMS 0x0000000083b00000, 0x0000000083a00000| Untracked 
|  59|0x0000000083b00000, 0x0000000083c00000, 0x0000000083c00000|100%| O|  |TAMS 0x0000000083c00000, 0x0000000083b00000| Untracked 
|  60|0x0000000083c00000, 0x0000000083d00000, 0x0000000083d00000|100%|HS|  |TAMS 0x0000000083d00000, 0x0000000083c00000| Complete 
|  61|0x0000000083d00000, 0x0000000083e00000, 0x0000000083e00000|100%|HC|  |TAMS 0x0000000083e00000, 0x0000000083d00000| Complete 
|  62|0x0000000083e00000, 0x0000000083f00000, 0x0000000083f00000|100%|HC|  |TAMS 0x0000000083f00000, 0x0000000083e00000| Complete 
|  63|0x0000000083f00000, 0x0000000084000000, 0x0000000084000000|100%| O|  |TAMS 0x0000000083f00000, 0x0000000083f00000| Untracked 
|  64|0x0000000084000000, 0x0000000084100000, 0x0000000084100000|100%| O|  |TAMS 0x0000000084100000, 0x0000000084000000| Untracked 
|  65|0x0000000084100000, 0x0000000084200000, 0x0000000084200000|100%| O|  |TAMS 0x0000000084200000, 0x0000000084100000| Untracked 
|  66|0x0000000084200000, 0x0000000084300000, 0x0000000084300000|100%| O|  |TAMS 0x00000000842c9000, 0x0000000084200000| Untracked 
|  67|0x0000000084300000, 0x000000008434d000, 0x0000000084400000| 30%| O|  |TAMS 0x0000000084300000, 0x0000000084300000| Untracked 
|  68|0x0000000084400000, 0x0000000084400000, 0x0000000084500000|  0%| F|  |TAMS 0x0000000084400000, 0x0000000084400000| Untracked 
|  69|0x0000000084500000, 0x0000000084500000, 0x0000000084600000|  0%| F|  |TAMS 0x0000000084500000, 0x0000000084500000| Untracked 
|  70|0x0000000084600000, 0x0000000084600000, 0x0000000084700000|  0%| F|  |TAMS 0x0000000084600000, 0x0000000084600000| Untracked 
|  71|0x0000000084700000, 0x0000000084700000, 0x0000000084800000|  0%| F|  |TAMS 0x0000000084700000, 0x0000000084700000| Untracked 
|  72|0x0000000084800000, 0x0000000084800000, 0x0000000084900000|  0%| F|  |TAMS 0x0000000084800000, 0x0000000084800000| Untracked 
|  73|0x0000000084900000, 0x0000000084900000, 0x0000000084a00000|  0%| F|  |TAMS 0x0000000084900000, 0x0000000084900000| Untracked 
|  74|0x0000000084a00000, 0x0000000084a00000, 0x0000000084b00000|  0%| F|  |TAMS 0x0000000084a00000, 0x0000000084a00000| Untracked 
|  75|0x0000000084b00000, 0x0000000084b00000, 0x0000000084c00000|  0%| F|  |TAMS 0x0000000084b00000, 0x0000000084b00000| Untracked 
|  76|0x0000000084c00000, 0x0000000084c00000, 0x0000000084d00000|  0%| F|  |TAMS 0x0000000084c00000, 0x0000000084c00000| Untracked 
|  77|0x0000000084d00000, 0x0000000084d00000, 0x0000000084e00000|  0%| F|  |TAMS 0x0000000084d00000, 0x0000000084d00000| Untracked 
|  78|0x0000000084e00000, 0x0000000084e00000, 0x0000000084f00000|  0%| F|  |TAMS 0x0000000084e00000, 0x0000000084e00000| Untracked 
|  79|0x0000000084f00000, 0x0000000084f00000, 0x0000000085000000|  0%| F|  |TAMS 0x0000000084f00000, 0x0000000084f00000| Untracked 
|  80|0x0000000085000000, 0x0000000085000000, 0x0000000085100000|  0%| F|  |TAMS 0x0000000085000000, 0x0000000085000000| Untracked 
|  81|0x0000000085100000, 0x0000000085100000, 0x0000000085200000|  0%| F|  |TAMS 0x0000000085100000, 0x0000000085100000| Untracked 
|  82|0x0000000085200000, 0x0000000085200000, 0x0000000085300000|  0%| F|  |TAMS 0x0000000085200000, 0x0000000085200000| Untracked 
|  83|0x0000000085300000, 0x0000000085300000, 0x0000000085400000|  0%| F|  |TAMS 0x0000000085300000, 0x0000000085300000| Untracked 
|  84|0x0000000085400000, 0x0000000085400000, 0x0000000085500000|  0%| F|  |TAMS 0x0000000085400000, 0x0000000085400000| Untracked 
|  85|0x0000000085500000, 0x0000000085500000, 0x0000000085600000|  0%| F|  |TAMS 0x0000000085500000, 0x0000000085500000| Untracked 
|  86|0x0000000085600000, 0x0000000085600000, 0x0000000085700000|  0%| F|  |TAMS 0x0000000085600000, 0x0000000085600000| Untracked 
|  87|0x0000000085700000, 0x0000000085700000, 0x0000000085800000|  0%| F|  |TAMS 0x0000000085700000, 0x0000000085700000| Untracked 
|  88|0x0000000085800000, 0x0000000085800000, 0x0000000085900000|  0%| F|  |TAMS 0x0000000085800000, 0x0000000085800000| Untracked 
|  89|0x0000000085900000, 0x0000000085900000, 0x0000000085a00000|  0%| F|  |TAMS 0x0000000085900000, 0x0000000085900000| Untracked 
|  90|0x0000000085a00000, 0x0000000085a10170, 0x0000000085b00000|  6%| S|CS|TAMS 0x0000000085a00000, 0x0000000085a00000| Complete 
|  91|0x0000000085b00000, 0x0000000085b00000, 0x0000000085c00000|  0%| F|  |TAMS 0x0000000085b00000, 0x0000000085b00000| Untracked 
|  92|0x0000000085c00000, 0x0000000085d00000, 0x0000000085d00000|100%| S|CS|TAMS 0x0000000085c00000, 0x0000000085c00000| Complete 
|  93|0x0000000085d00000, 0x0000000085e00000, 0x0000000085e00000|100%| S|CS|TAMS 0x0000000085d00000, 0x0000000085d00000| Complete 
|  94|0x0000000085e00000, 0x0000000085f00000, 0x0000000085f00000|100%| S|CS|TAMS 0x0000000085e00000, 0x0000000085e00000| Complete 
|  95|0x0000000085f00000, 0x0000000085f98c68, 0x0000000086000000| 59%| E|  |TAMS 0x0000000085f00000, 0x0000000085f00000| Complete 
|  96|0x0000000086000000, 0x0000000086100000, 0x0000000086100000|100%| E|CS|TAMS 0x0000000086000000, 0x0000000086000000| Complete 
|  97|0x0000000086100000, 0x0000000086200000, 0x0000000086200000|100%| E|CS|TAMS 0x0000000086100000, 0x0000000086100000| Complete 
|  98|0x0000000086200000, 0x0000000086300000, 0x0000000086300000|100%| E|CS|TAMS 0x0000000086200000, 0x0000000086200000| Complete 
|  99|0x0000000086300000, 0x0000000086400000, 0x0000000086400000|100%| E|CS|TAMS 0x0000000086300000, 0x0000000086300000| Complete 
| 100|0x0000000086400000, 0x0000000086500000, 0x0000000086500000|100%| E|CS|TAMS 0x0000000086400000, 0x0000000086400000| Complete 
| 101|0x0000000086500000, 0x0000000086600000, 0x0000000086600000|100%| E|CS|TAMS 0x0000000086500000, 0x0000000086500000| Complete 
| 102|0x0000000086600000, 0x0000000086700000, 0x0000000086700000|100%| E|CS|TAMS 0x0000000086600000, 0x0000000086600000| Complete 
| 103|0x0000000086700000, 0x0000000086800000, 0x0000000086800000|100%| E|CS|TAMS 0x0000000086700000, 0x0000000086700000| Complete 
| 104|0x0000000086800000, 0x0000000086900000, 0x0000000086900000|100%| E|CS|TAMS 0x0000000086800000, 0x0000000086800000| Complete 
| 105|0x0000000086900000, 0x0000000086a00000, 0x0000000086a00000|100%| E|CS|TAMS 0x0000000086900000, 0x0000000086900000| Complete 
| 106|0x0000000086a00000, 0x0000000086b00000, 0x0000000086b00000|100%| E|CS|TAMS 0x0000000086a00000, 0x0000000086a00000| Complete 
| 107|0x0000000086b00000, 0x0000000086c00000, 0x0000000086c00000|100%| E|CS|TAMS 0x0000000086b00000, 0x0000000086b00000| Complete 
| 108|0x0000000086c00000, 0x0000000086d00000, 0x0000000086d00000|100%| E|CS|TAMS 0x0000000086c00000, 0x0000000086c00000| Complete 
| 109|0x0000000086d00000, 0x0000000086e00000, 0x0000000086e00000|100%| E|CS|TAMS 0x0000000086d00000, 0x0000000086d00000| Complete 
| 110|0x0000000086e00000, 0x0000000086f00000, 0x0000000086f00000|100%| E|CS|TAMS 0x0000000086e00000, 0x0000000086e00000| Complete 
| 111|0x0000000086f00000, 0x0000000087000000, 0x0000000087000000|100%| E|CS|TAMS 0x0000000086f00000, 0x0000000086f00000| Complete 
| 112|0x0000000087000000, 0x0000000087100000, 0x0000000087100000|100%| E|CS|TAMS 0x0000000087000000, 0x0000000087000000| Complete 
| 113|0x0000000087100000, 0x0000000087200000, 0x0000000087200000|100%| E|CS|TAMS 0x0000000087100000, 0x0000000087100000| Complete 
| 114|0x0000000087200000, 0x0000000087300000, 0x0000000087300000|100%| E|CS|TAMS 0x0000000087200000, 0x0000000087200000| Complete 
| 115|0x0000000087300000, 0x0000000087400000, 0x0000000087400000|100%| E|CS|TAMS 0x0000000087300000, 0x0000000087300000| Complete 
| 116|0x0000000087400000, 0x0000000087500000, 0x0000000087500000|100%| E|CS|TAMS 0x0000000087400000, 0x0000000087400000| Complete 
| 117|0x0000000087500000, 0x0000000087600000, 0x0000000087600000|100%| E|CS|TAMS 0x0000000087500000, 0x0000000087500000| Complete 
| 125|0x0000000087d00000, 0x0000000087e00000, 0x0000000087e00000|100%| E|CS|TAMS 0x0000000087d00000, 0x0000000087d00000| Complete 

Card table byte_map: [0x000001cf70dd0000,0x000001cf711d0000] _byte_map_base: 0x000001cf709d0000

Marking Bits (Prev, Next): (CMBitMap*) 0x000001cf5e235500, (CMBitMap*) 0x000001cf5e2354c0
 Prev Bits: [0x000001cf735d0000, 0x000001cf755d0000)
 Next Bits: [0x000001cf715d0000, 0x000001cf735d0000)

Polling page: 0x000001cf5d9a0000

Metaspace:

Usage:
  Non-class:     47.59 MB used.
      Class:      7.42 MB used.
       Both:     55.01 MB used.

Virtual space:
  Non-class space:       56.00 MB reserved,      47.94 MB ( 86%) committed,  7 nodes.
      Class space:        1.00 GB reserved,       7.75 MB ( <1%) committed,  1 nodes.
             Both:        1.05 GB reserved,      55.69 MB (  5%) committed. 

Chunk freelists:
   Non-Class:  3.33 MB
       Class:  188.00 KB
        Both:  3.51 MB

MaxMetaspaceSize: unlimited
CompressedClassSpaceSize: 1.00 GB
Initial GC threshold: 21.00 MB
Current GC threshold: 84.94 MB
CDS: off
MetaspaceReclaimPolicy: balanced
 - commit_granule_bytes: 65536.
 - commit_granule_words: 8192.
 - virtual_space_node_default_size: 1048576.
 - enlarge_chunks_in_place: 1.
 - new_chunks_are_fully_committed: 0.
 - uncommit_free_chunks: 1.
 - use_allocation_guard: 0.
 - handle_deallocations: 1.


Internal statistics:

num_allocs_failed_limit: 3.
num_arena_births: 728.
num_arena_deaths: 0.
num_vsnodes_births: 8.
num_vsnodes_deaths: 0.
num_space_committed: 891.
num_space_uncommitted: 0.
num_chunks_returned_to_freelist: 3.
num_chunks_taken_from_freelist: 2681.
num_chunk_merges: 3.
num_chunk_splits: 1720.
num_chunks_enlarged: 1101.
num_purges: 0.
num_inconsistent_stats: 0.

CodeHeap 'non-profiled nmethods': size=120000Kb used=3138Kb max_used=3138Kb free=116861Kb
 bounds [0x000001cf69170000, 0x000001cf69490000, 0x000001cf706a0000]
CodeHeap 'profiled nmethods': size=120000Kb used=12099Kb max_used=12099Kb free=107900Kb
 bounds [0x000001cf616a0000, 0x000001cf62280000, 0x000001cf68bd0000]
CodeHeap 'non-nmethods': size=5760Kb used=2321Kb max_used=2390Kb free=3438Kb
 bounds [0x000001cf68bd0000, 0x000001cf68e40000, 0x000001cf69170000]
 total_blobs=6809 nmethods=5969 adapters=751
 compilation: enabled
              stopped_count=0, restarted_count=0
 full_count=0

Compilation events (20 events):
Event: 22.166 Thread 0x000001cf78c605b0 nmethod 6035 0x000001cf6226b890 code [0x000001cf6226ba40, 0x000001cf6226bcc8]
Event: 22.166 Thread 0x000001cf78c605b0 6036       3       java.io.ObjectStreamClass::getClassDataLayout (20 bytes)
Event: 22.167 Thread 0x000001cf78c605b0 nmethod 6036 0x000001cf6226be10 code [0x000001cf6226bfc0, 0x000001cf6226c1a8]
Event: 22.167 Thread 0x000001cf78c605b0 6022       3       java.io.ObjectStreamClass::getFields (22 bytes)
Event: 22.167 Thread 0x000001cf78c605b0 nmethod 6022 0x000001cf6226c290 code [0x000001cf6226c440, 0x000001cf6226c768]
Event: 22.167 Thread 0x000001cf78c605b0 6027       3       java.io.ObjectStreamClass::hasWriteObjectMethod (17 bytes)
Event: 22.168 Thread 0x000001cf78c605b0 nmethod 6027 0x000001cf6226c890 code [0x000001cf6226ca40, 0x000001cf6226cd28]
Event: 22.168 Thread 0x000001cf78c605b0 6029       3       java.io.ObjectStreamClass::checkDefaultSerialize (20 bytes)
Event: 22.168 Thread 0x000001cf78c605b0 nmethod 6029 0x000001cf6226ce90 code [0x000001cf6226d060, 0x000001cf6226d438]
Event: 22.168 Thread 0x000001cf78c605b0 6025   !   3       java.io.ObjectOutputStream::writeOrdinaryObject (196 bytes)
Event: 22.169 Thread 0x000001cf78c605b0 nmethod 6025 0x000001cf6226d610 code [0x000001cf6226d920, 0x000001cf6226e748]
Event: 22.169 Thread 0x000001cf78c605b0 6030       3       java.io.ObjectStreamClass::checkSerialize (20 bytes)
Event: 22.170 Thread 0x000001cf78c605b0 nmethod 6030 0x000001cf6226f010 code [0x000001cf6226f1e0, 0x000001cf6226f5b8]
Event: 22.170 Thread 0x000001cf78c605b0 6032       3       java.io.ObjectStreamClass::getObjFieldValues (10 bytes)
Event: 22.170 Thread 0x000001cf78c605b0 nmethod 6032 0x000001cf6226f790 code [0x000001cf6226f940, 0x000001cf6226fa88]
Event: 22.170 Thread 0x000001cf78c605b0 6039   !   3       org.gradle.internal.serialize.ExceptionReplacingObjectOutputStream$1::transform (15 bytes)
Event: 22.171 Thread 0x000001cf78c605b0 nmethod 6039 0x000001cf6226fb90 code [0x000001cf6226fda0, 0x000001cf62270518]
Event: 22.172 Thread 0x000001cf78c605b0 6041       3       java.util.concurrent.locks.AbstractQueuedSynchronizer$ConditionObject::signalAll (34 bytes)
Event: 22.173 Thread 0x000001cf78c605b0 nmethod 6041 0x000001cf62270810 code [0x000001cf622709e0, 0x000001cf62270d28]
Event: 22.174 Thread 0x000001cf78c45e30 6042       4       java.net.URLClassLoader$1::run (5 bytes)

GC Heap History (20 events):
Event: 14.515 GC heap before
{Heap before GC invocations=12 (full 0):
 garbage-first heap   total 87040K, used 66998K [0x0000000080000000, 0x0000000100000000)
  region size 1024K, 19 young (19456K), 2 survivors (2048K)
 Metaspace       used 39839K, committed 40256K, reserved 1089536K
  class space    used 5378K, committed 5568K, reserved 1048576K
}
Event: 14.524 GC heap after
{Heap after GC invocations=13 (full 0):
 garbage-first heap   total 87040K, used 52569K [0x0000000080000000, 0x0000000100000000)
  region size 1024K, 3 young (3072K), 3 survivors (3072K)
 Metaspace       used 39839K, committed 40256K, reserved 1089536K
  class space    used 5378K, committed 5568K, reserved 1048576K
}
Event: 15.109 GC heap before
{Heap before GC invocations=14 (full 0):
 garbage-first heap   total 92160K, used 67929K [0x0000000080000000, 0x0000000100000000)
  region size 1024K, 19 young (19456K), 3 survivors (3072K)
 Metaspace       used 41828K, committed 42240K, reserved 1089536K
  class space    used 5595K, committed 5760K, reserved 1048576K
}
Event: 15.115 GC heap after
{Heap after GC invocations=15 (full 0):
 garbage-first heap   total 92160K, used 55108K [0x0000000080000000, 0x0000000100000000)
  region size 1024K, 3 young (3072K), 3 survivors (3072K)
 Metaspace       used 41828K, committed 42240K, reserved 1089536K
  class space    used 5595K, committed 5760K, reserved 1048576K
}
Event: 15.383 GC heap before
{Heap before GC invocations=15 (full 0):
 garbage-first heap   total 92160K, used 69444K [0x0000000080000000, 0x0000000100000000)
  region size 1024K, 19 young (19456K), 3 survivors (3072K)
 Metaspace       used 42287K, committed 42688K, reserved 1089536K
  class space    used 5641K, committed 5824K, reserved 1048576K
}
Event: 15.386 GC heap after
{Heap after GC invocations=16 (full 0):
 garbage-first heap   total 92160K, used 56291K [0x0000000080000000, 0x0000000100000000)
  region size 1024K, 3 young (3072K), 3 survivors (3072K)
 Metaspace       used 42287K, committed 42688K, reserved 1089536K
  class space    used 5641K, committed 5824K, reserved 1048576K
}
Event: 16.094 GC heap before
{Heap before GC invocations=17 (full 0):
 garbage-first heap   total 104448K, used 75747K [0x0000000080000000, 0x0000000100000000)
  region size 1024K, 20 young (20480K), 3 survivors (3072K)
 Metaspace       used 45031K, committed 45440K, reserved 1089536K
  class space    used 5962K, committed 6144K, reserved 1048576K
}
Event: 16.099 GC heap after
{Heap after GC invocations=18 (full 0):
 garbage-first heap   total 104448K, used 57053K [0x0000000080000000, 0x0000000100000000)
  region size 1024K, 2 young (2048K), 2 survivors (2048K)
 Metaspace       used 45031K, committed 45440K, reserved 1089536K
  class space    used 5962K, committed 6144K, reserved 1048576K
}
Event: 16.820 GC heap before
{Heap before GC invocations=18 (full 0):
 garbage-first heap   total 104448K, used 68317K [0x0000000080000000, 0x0000000100000000)
  region size 1024K, 14 young (14336K), 2 survivors (2048K)
 Metaspace       used 46240K, committed 46656K, reserved 1089536K
  class space    used 6150K, committed 6336K, reserved 1048576K
}
Event: 16.824 GC heap after
{Heap after GC invocations=19 (full 0):
 garbage-first heap   total 104448K, used 58801K [0x0000000080000000, 0x0000000100000000)
  region size 1024K, 4 young (4096K), 4 survivors (4096K)
 Metaspace       used 46240K, committed 46656K, reserved 1089536K
  class space    used 6150K, committed 6336K, reserved 1048576K
}
Event: 17.016 GC heap before
{Heap before GC invocations=20 (full 0):
 garbage-first heap   total 109568K, used 61873K [0x0000000080000000, 0x0000000100000000)
  region size 1024K, 5 young (5120K), 4 survivors (4096K)
 Metaspace       used 46240K, committed 46656K, reserved 1089536K
  class space    used 6150K, committed 6336K, reserved 1048576K
}
Event: 17.019 GC heap after
{Heap after GC invocations=21 (full 0):
 garbage-first heap   total 109568K, used 62293K [0x0000000080000000, 0x0000000100000000)
  region size 1024K, 3 young (3072K), 3 survivors (3072K)
 Metaspace       used 46240K, committed 46656K, reserved 1089536K
  class space    used 6150K, committed 6336K, reserved 1048576K
}
Event: 17.394 GC heap before
{Heap before GC invocations=22 (full 0):
 garbage-first heap   total 114688K, used 74581K [0x0000000080000000, 0x0000000100000000)
  region size 1024K, 14 young (14336K), 3 survivors (3072K)
 Metaspace       used 46954K, committed 47424K, reserved 1097728K
  class space    used 6231K, committed 6464K, reserved 1048576K
}
Event: 17.397 GC heap after
{Heap after GC invocations=23 (full 0):
 garbage-first heap   total 114688K, used 67287K [0x0000000080000000, 0x0000000100000000)
  region size 1024K, 4 young (4096K), 4 survivors (4096K)
 Metaspace       used 46954K, committed 47424K, reserved 1097728K
  class space    used 6231K, committed 6464K, reserved 1048576K
}
Event: 18.112 GC heap before
{Heap before GC invocations=24 (full 0):
 garbage-first heap   total 117760K, used 88791K [0x0000000080000000, 0x0000000100000000)
  region size 1024K, 24 young (24576K), 4 survivors (4096K)
 Metaspace       used 49259K, committed 49792K, reserved 1097728K
  class space    used 6464K, committed 6656K, reserved 1048576K
}
Event: 18.116 GC heap after
{Heap after GC invocations=25 (full 0):
 garbage-first heap   total 117760K, used 68380K [0x0000000080000000, 0x0000000100000000)
  region size 1024K, 2 young (2048K), 2 survivors (2048K)
 Metaspace       used 49259K, committed 49792K, reserved 1097728K
  class space    used 6464K, committed 6656K, reserved 1048576K
}
Event: 19.038 GC heap before
{Heap before GC invocations=25 (full 0):
 garbage-first heap   total 117760K, used 90908K [0x0000000080000000, 0x0000000100000000)
  region size 1024K, 25 young (25600K), 2 survivors (2048K)
 Metaspace       used 51479K, committed 52032K, reserved 1097728K
  class space    used 6861K, committed 7104K, reserved 1048576K
}
Event: 19.042 GC heap after
{Heap after GC invocations=26 (full 0):
 garbage-first heap   total 117760K, used 69703K [0x0000000080000000, 0x0000000100000000)
  region size 1024K, 3 young (3072K), 3 survivors (3072K)
 Metaspace       used 51479K, committed 52032K, reserved 1097728K
  class space    used 6861K, committed 7104K, reserved 1048576K
}
Event: 20.986 GC heap before
{Heap before GC invocations=27 (full 0):
 garbage-first heap   total 121856K, used 94279K [0x0000000080000000, 0x0000000100000000)
  region size 1024K, 27 young (27648K), 3 survivors (3072K)
 Metaspace       used 54241K, committed 54848K, reserved 1097728K
  class space    used 7336K, committed 7616K, reserved 1048576K
}
Event: 20.993 GC heap after
{Heap after GC invocations=28 (full 0):
 garbage-first heap   total 121856K, used 71319K [0x0000000080000000, 0x0000000100000000)
  region size 1024K, 4 young (4096K), 4 survivors (4096K)
 Metaspace       used 54241K, committed 54848K, reserved 1097728K
  class space    used 7336K, committed 7616K, reserved 1048576K
}

Dll operation events (2 events):
Event: 0.066 Loaded shared library D:\android studio\jbr\bin\java.dll
Event: 0.915 Loaded shared library D:\android studio\jbr\bin\verify.dll

Deoptimization events (20 events):
Event: 21.921 Thread 0x000001cf7a58c860 Uncommon trap: trap_request=0xffffff45 fr.pc=0x000001cf69354460 relative=0x0000000000000780
Event: 21.921 Thread 0x000001cf7a58c860 Uncommon trap: reason=unstable_if action=reinterpret pc=0x000001cf69354460 method=java.util.regex.Matcher.search(I)Z @ 76 c2
Event: 21.921 Thread 0x000001cf7a58c860 DEOPT PACKING pc=0x000001cf69354460 sp=0x0000001e82dfbb30
Event: 21.921 Thread 0x000001cf7a58c860 DEOPT UNPACKING pc=0x000001cf68c269a3 sp=0x0000001e82dfbb20 mode 2
Event: 22.124 Thread 0x000001cf7a58c860 Uncommon trap: trap_request=0xffffffde fr.pc=0x000001cf69193628 relative=0x00000000000001a8
Event: 22.124 Thread 0x000001cf7a58c860 Uncommon trap: reason=class_check action=maybe_recompile pc=0x000001cf69193628 method=java.lang.String.equals(Ljava/lang/Object;)Z @ 8 c2
Event: 22.124 Thread 0x000001cf7a58c860 DEOPT PACKING pc=0x000001cf69193628 sp=0x0000001e82dfcd50
Event: 22.124 Thread 0x000001cf7a58c860 DEOPT UNPACKING pc=0x000001cf68c269a3 sp=0x0000001e82dfccf8 mode 2
Event: 22.126 Thread 0x000001cf7a58c860 Uncommon trap: trap_request=0xffffffde fr.pc=0x000001cf69193628 relative=0x00000000000001a8
Event: 22.126 Thread 0x000001cf7a58c860 Uncommon trap: reason=class_check action=maybe_recompile pc=0x000001cf69193628 method=java.lang.String.equals(Ljava/lang/Object;)Z @ 8 c2
Event: 22.126 Thread 0x000001cf7a58c860 DEOPT PACKING pc=0x000001cf69193628 sp=0x0000001e82dfc990
Event: 22.126 Thread 0x000001cf7a58c860 DEOPT UNPACKING pc=0x000001cf68c269a3 sp=0x0000001e82dfc938 mode 2
Event: 22.126 Thread 0x000001cf7a58c860 Uncommon trap: trap_request=0xffffffde fr.pc=0x000001cf69193628 relative=0x00000000000001a8
Event: 22.126 Thread 0x000001cf7a58c860 Uncommon trap: reason=class_check action=maybe_recompile pc=0x000001cf69193628 method=java.lang.String.equals(Ljava/lang/Object;)Z @ 8 c2
Event: 22.126 Thread 0x000001cf7a58c860 DEOPT PACKING pc=0x000001cf69193628 sp=0x0000001e82dfc990
Event: 22.126 Thread 0x000001cf7a58c860 DEOPT UNPACKING pc=0x000001cf68c269a3 sp=0x0000001e82dfc938 mode 2
Event: 22.126 Thread 0x000001cf7a58c860 Uncommon trap: trap_request=0xffffffde fr.pc=0x000001cf69193628 relative=0x00000000000001a8
Event: 22.126 Thread 0x000001cf7a58c860 Uncommon trap: reason=class_check action=maybe_recompile pc=0x000001cf69193628 method=java.lang.String.equals(Ljava/lang/Object;)Z @ 8 c2
Event: 22.126 Thread 0x000001cf7a58c860 DEOPT PACKING pc=0x000001cf69193628 sp=0x0000001e82dfc990
Event: 22.126 Thread 0x000001cf7a58c860 DEOPT UNPACKING pc=0x000001cf68c269a3 sp=0x0000001e82dfc938 mode 2

Classes unloaded (0 events):
No events

Classes redefined (0 events):
No events

Internal exceptions (20 events):
Event: 18.959 Thread 0x000001cf7a58c860 Exception <a 'java/lang/ClassNotFoundException'{0x0000000085e5ac60}: org/jetbrains/plugins/gradle/model/web/WebConfigurationCustomizer> (0x0000000085e5ac60) 
thrown [s\src\hotspot\share\classfile\systemDictionary.cpp, line 256]
Event: 18.962 Thread 0x000001cf7a58c860 Exception <a 'java/lang/ClassNotFoundException'{0x0000000085e79bb8}: org/jetbrains/plugins/gradle/model/scala/ScalaModelBeanInfo> (0x0000000085e79bb8) 
thrown [s\src\hotspot\share\classfile\systemDictionary.cpp, line 256]
Event: 18.962 Thread 0x000001cf7a58c860 Exception <a 'java/lang/ClassNotFoundException'{0x0000000085e81ec0}: org/jetbrains/plugins/gradle/model/scala/ScalaModelCustomizer> (0x0000000085e81ec0) 
thrown [s\src\hotspot\share\classfile\systemDictionary.cpp, line 256]
Event: 18.968 Thread 0x000001cf7a58c860 Exception <a 'java/lang/ClassNotFoundException'{0x0000000085eb3000}: org/jetbrains/plugins/gradle/model/DependencyAccessorsModelBeanInfo> (0x0000000085eb3000) 
thrown [s\src\hotspot\share\classfile\systemDictionary.cpp, line 256]
Event: 18.968 Thread 0x000001cf7a58c860 Exception <a 'java/lang/ClassNotFoundException'{0x0000000085ebb3b0}: org/jetbrains/plugins/gradle/model/DependencyAccessorsModelCustomizer> (0x0000000085ebb3b0) 
thrown [s\src\hotspot\share\classfile\systemDictionary.cpp, line 256]
Event: 20.396 Thread 0x000001cf7a58c860 Exception <a 'java/lang/ClassNotFoundException'{0x0000000087207ac8}: org/gradle/api/internal/project/DefaultProject_DecoratedBeanInfo> (0x0000000087207ac8) 
thrown [s\src\hotspot\share\classfile\systemDictionary.cpp, line 256]
Event: 20.397 Thread 0x000001cf7a58c860 Exception <a 'java/lang/ClassNotFoundException'{0x0000000087214620}: org/gradle/api/internal/project/DefaultProjectBeanInfo> (0x0000000087214620) 
thrown [s\src\hotspot\share\classfile\systemDictionary.cpp, line 256]
Event: 20.397 Thread 0x000001cf7a58c860 Exception <a 'java/lang/ClassNotFoundException'{0x0000000087221180}: org/gradle/api/internal/project/DefaultProjectCustomizer> (0x0000000087221180) 
thrown [s\src\hotspot\share\classfile\systemDictionary.cpp, line 256]
Event: 20.402 Thread 0x000001cf7a58c860 Exception <a 'java/lang/ClassNotFoundException'{0x00000000872ca4c0}: org/gradle/api/internal/project/DefaultProject_DecoratedCustomizer> (0x00000000872ca4c0) 
thrown [s\src\hotspot\share\classfile\systemDictionary.cpp, line 256]
Event: 20.637 Thread 0x000001cf7a58c860 Implicit null exception at 0x000001cf69284d6f to 0x000001cf69284f94
Event: 21.201 Thread 0x000001cf7a58c860 Exception <a 'java/lang/NoSuchMethodError'{0x0000000087281420}: 'java.lang.Object java.lang.invoke.DirectMethodHandle$Holder.newInvokeSpecial(java.lang.Object, java.lang.Object, java.lang.Object, java.lang.Object, java.lang.Object, int)'> (0x0000000087281420) 
thrown [s\src\hotspot\share\interpreter\linkResolver.cpp, line 771]
Event: 21.202 Thread 0x000001cf7a58c860 Exception <a 'java/lang/NoSuchMethodError'{0x0000000087286a78}: 'java.lang.Object java.lang.invoke.DirectMethodHandle$Holder.invokeSpecial(java.lang.Object, java.lang.Object, java.lang.Object, java.lang.Object, java.lang.Object, java.lang.Object, int)'> (0x0000000087286a78) 
thrown [s\src\hotspot\share\interpreter\linkResolver.cpp, line 771]
Event: 21.231 Thread 0x000001cf7a58c860 Exception <a 'java/lang/NoSuchMethodError'{0x00000000871254b0}: 'void java.lang.invoke.DirectMethodHandle$Holder.invokeStatic(java.lang.Object, java.lang.Object, java.lang.Object, int, java.lang.Object)'> (0x00000000871254b0) 
thrown [s\src\hotspot\share\interpreter\linkResolver.cpp, line 771]
Event: 21.876 Thread 0x000001cf7a58c860 Implicit null exception at 0x000001cf69458d6f to 0x000001cf69458fe4
Event: 21.902 Thread 0x000001cf7a58c860 Exception <a 'java/lang/OutOfMemoryError'{0x0000000086450ea8}: unable to create native thread: possibly out of memory or process/resource limits reached> (0x0000000086450ea8) 
thrown [s\src\hotspot\share\prims\jvm.cpp, line 2926]
Event: 21.969 Thread 0x000001cf7a58c860 Exception <a 'java/lang/NoSuchMethodError'{0x0000000086123510}: 'java.lang.Object java.lang.invoke.DirectMethodHandle$Holder.newInvokeSpecial(java.lang.Object, java.lang.Object, java.lang.Object, java.lang.Object, int, java.lang.Object)'> (0x0000000086123510) 
thrown [s\src\hotspot\share\interpreter\linkResolver.cpp, line 771]
Event: 21.972 Thread 0x000001cf7a58c860 Exception <a 'java/lang/NoSuchMethodError'{0x0000000086127878}: 'java.lang.Object java.lang.invoke.Invokers$Holder.linkToTargetMethod(java.lang.Object, java.lang.Object, java.lang.Object, int, java.lang.Object, java.lang.Object)'> (0x0000000086127878) 
thrown [s\src\hotspot\share\interpreter\linkResolver.cpp, line 771]
Event: 21.982 Thread 0x000001cf7a58c860 Exception <a 'java/lang/NoSuchMethodError'{0x0000000086147ea0}: 'java.lang.Object java.lang.invoke.DirectMethodHandle$Holder.newInvokeSpecial(java.lang.Object, java.lang.Object, java.lang.Object, java.lang.Object, int)'> (0x0000000086147ea0) 
thrown [s\src\hotspot\share\interpreter\linkResolver.cpp, line 771]
Event: 21.982 Thread 0x000001cf7a58c860 Exception <a 'java/lang/NoSuchMethodError'{0x000000008614c5a0}: 'java.lang.Object java.lang.invoke.DirectMethodHandle$Holder.invokeSpecial(java.lang.Object, java.lang.Object, java.lang.Object, java.lang.Object, java.lang.Object, int)'> (0x000000008614c5a0) 
thrown [s\src\hotspot\share\interpreter\linkResolver.cpp, line 771]
Event: 21.983 Thread 0x000001cf7a58c860 Exception <a 'java/lang/NoSuchMethodError'{0x00000000861505d8}: 'java.lang.Object java.lang.invoke.Invokers$Holder.linkToTargetMethod(java.lang.Object, java.lang.Object, java.lang.Object, int, java.lang.Object)'> (0x00000000861505d8) 
thrown [s\src\hotspot\share\interpreter\linkResolver.cpp, line 771]

VM Operations (20 events):
Event: 20.558 Executing VM operation: HandshakeAllThreads
Event: 20.558 Executing VM operation: HandshakeAllThreads done
Event: 20.837 Executing VM operation: ICBufferFull
Event: 20.837 Executing VM operation: ICBufferFull done
Event: 20.986 Executing VM operation: G1CollectForAllocation
Event: 20.993 Executing VM operation: G1CollectForAllocation done
Event: 21.113 Executing VM operation: HandshakeAllThreads
Event: 21.113 Executing VM operation: HandshakeAllThreads done
Event: 21.698 Executing VM operation: ICBufferFull
Event: 21.698 Executing VM operation: ICBufferFull done
Event: 21.715 Executing VM operation: HandshakeAllThreads
Event: 21.715 Executing VM operation: HandshakeAllThreads done
Event: 21.913 Executing VM operation: HandshakeAllThreads
Event: 21.913 Executing VM operation: HandshakeAllThreads done
Event: 21.940 Executing VM operation: HandshakeAllThreads
Event: 21.940 Executing VM operation: HandshakeAllThreads done
Event: 22.117 Executing VM operation: HandshakeAllThreads
Event: 22.118 Executing VM operation: HandshakeAllThreads done
Event: 22.118 Executing VM operation: ICBufferFull
Event: 22.119 Executing VM operation: ICBufferFull done

Events (20 events):
Event: 21.934 loading class java/lang/Throwable$PrintStreamOrWriter done
Event: 21.934 loading class java/lang/Throwable$WrappedPrintWriter done
Event: 22.024 loading class java/util/concurrent/ConcurrentLinkedQueue$Itr
Event: 22.025 loading class java/util/concurrent/ConcurrentLinkedQueue$Itr done
Event: 22.027 Thread 0x000001cf7cfb4610 Thread exited: 0x000001cf7cfb4610
Event: 22.040 Thread 0x000001cf7cfb0780 Thread exited: 0x000001cf7cfb0780
Event: 22.044 Thread 0x000001cf7cfaeaa0 Thread exited: 0x000001cf7cfaeaa0
Event: 22.084 loading class java/io/ObjectOutputStream$BlockDataOutputStream
Event: 22.086 loading class java/io/ObjectOutputStream$BlockDataOutputStream done
Event: 22.087 loading class java/io/ObjectOutputStream$HandleTable
Event: 22.087 loading class java/io/ObjectOutputStream$HandleTable done
Event: 22.088 loading class java/io/ObjectOutputStream$ReplaceTable
Event: 22.088 loading class java/io/ObjectOutputStream$ReplaceTable done
Event: 22.111 loading class java/util/AbstractList$ListItr
Event: 22.116 loading class java/util/AbstractList$ListItr done
Event: 22.142 loading class java/util/Collections$EmptyListIterator
Event: 22.143 loading class java/util/Collections$EmptyListIterator done
Event: 22.165 Thread 0x000001cf7cfad760 Thread exited: 0x000001cf7cfad760
Event: 22.169 Thread 0x000001cf7cfae5d0 Thread exited: 0x000001cf7cfae5d0
Event: 22.172 Thread 0x000001cf7cfaf440 Thread exited: 0x000001cf7cfaf440


Dynamic libraries:
0x00007ff67ddc0000 - 0x00007ff67ddca000 	D:\android studio\jbr\bin\java.exe
0x00007ff92f710000 - 0x00007ff92f924000 	C:\WINDOWS\SYSTEM32\ntdll.dll
0x00007ff92f140000 - 0x00007ff92f204000 	C:\WINDOWS\System32\KERNEL32.DLL
0x00007ff92d050000 - 0x00007ff92d3f4000 	C:\WINDOWS\System32\KERNELBASE.dll
0x00007ff92cac0000 - 0x00007ff92cbd1000 	C:\WINDOWS\System32\ucrtbase.dll
0x00007ff917ca0000 - 0x00007ff917cbb000 	D:\android studio\jbr\bin\VCRUNTIME140.dll
0x00007ff8dbe00000 - 0x00007ff8dbe17000 	D:\android studio\jbr\bin\jli.dll
0x00007ff92db80000 - 0x00007ff92dd2e000 	C:\WINDOWS\System32\USER32.dll
0x00007ff92d470000 - 0x00007ff92d496000 	C:\WINDOWS\System32\win32u.dll
0x00007ff92e8e0000 - 0x00007ff92e909000 	C:\WINDOWS\System32\GDI32.dll
0x00007ff92ce90000 - 0x00007ff92cfa8000 	C:\WINDOWS\System32\gdi32full.dll
0x00007ff92cfb0000 - 0x00007ff92d04a000 	C:\WINDOWS\System32\msvcp_win.dll
0x00007ff9191c0000 - 0x00007ff919453000 	C:\WINDOWS\WinSxS\amd64_microsoft.windows.common-controls_6595b64144ccf1df_6.0.22621.2215_none_270d72677387dfc3\COMCTL32.dll
0x00007ff92f380000 - 0x00007ff92f427000 	C:\WINDOWS\System32\msvcrt.dll
0x00007ff92e790000 - 0x00007ff92e7c1000 	C:\WINDOWS\System32\IMM32.DLL
0x00007ff91e4a0000 - 0x00007ff91e4ac000 	D:\android studio\jbr\bin\vcruntime140_1.dll
0x00007ff8e1710000 - 0x00007ff8e179d000 	D:\android studio\jbr\bin\msvcp140.dll
0x00007ff8dc0f0000 - 0x00007ff8dcd5e000 	D:\android studio\jbr\bin\server\jvm.dll
0x00007ff92d4a0000 - 0x00007ff92d550000 	C:\WINDOWS\System32\ADVAPI32.dll
0x00007ff92d7f0000 - 0x00007ff92d896000 	C:\WINDOWS\System32\sechost.dll
0x00007ff92d8a0000 - 0x00007ff92d9b7000 	C:\WINDOWS\System32\RPCRT4.dll
0x00007ff927740000 - 0x00007ff927774000 	C:\WINDOWS\SYSTEM32\WINMM.dll
0x00007ff91be20000 - 0x00007ff91be29000 	C:\WINDOWS\SYSTEM32\WSOCK32.dll
0x00007ff927c60000 - 0x00007ff927c6a000 	C:\WINDOWS\SYSTEM32\VERSION.dll
0x00007ff92f300000 - 0x00007ff92f371000 	C:\WINDOWS\System32\WS2_32.dll
0x00007ff92bb30000 - 0x00007ff92bb48000 	C:\WINDOWS\SYSTEM32\kernel.appcore.dll
0x00007ff917d60000 - 0x00007ff917d6a000 	D:\android studio\jbr\bin\jimage.dll
0x00007ff924d60000 - 0x00007ff924f8e000 	C:\WINDOWS\SYSTEM32\DBGHELP.DLL
0x00007ff92e400000 - 0x00007ff92e78a000 	C:\WINDOWS\System32\combase.dll
0x00007ff92f5f0000 - 0x00007ff92f6c7000 	C:\WINDOWS\System32\OLEAUT32.dll
0x00007ff924ad0000 - 0x00007ff924b02000 	C:\WINDOWS\SYSTEM32\dbgcore.DLL
0x00007ff92ce10000 - 0x00007ff92ce8a000 	C:\WINDOWS\System32\bcryptPrimitives.dll
0x00007ff917d30000 - 0x00007ff917d55000 	D:\android studio\jbr\bin\java.dll
0x00007ff8dc0d0000 - 0x00007ff8dc0e8000 	D:\android studio\jbr\bin\zip.dll
0x00007ff92e910000 - 0x00007ff92f133000 	C:\WINDOWS\System32\SHELL32.dll
0x00007ff92aa50000 - 0x00007ff92b33a000 	C:\WINDOWS\SYSTEM32\windows.storage.dll
0x00007ff92a910000 - 0x00007ff92aa4e000 	C:\WINDOWS\SYSTEM32\wintypes.dll
0x00007ff92e7d0000 - 0x00007ff92e8c3000 	C:\WINDOWS\System32\SHCORE.dll
0x00007ff92ddc0000 - 0x00007ff92de1e000 	C:\WINDOWS\System32\shlwapi.dll
0x00007ff92c9f0000 - 0x00007ff92ca16000 	C:\WINDOWS\SYSTEM32\profapi.dll
0x00007ff8dc0b0000 - 0x00007ff8dc0c9000 	D:\android studio\jbr\bin\net.dll
0x00007ff9270d0000 - 0x00007ff927207000 	C:\WINDOWS\SYSTEM32\WINHTTP.dll
0x00007ff92c080000 - 0x00007ff92c0e9000 	C:\WINDOWS\system32\mswsock.dll
0x00007ff8dc090000 - 0x00007ff8dc0a6000 	D:\android studio\jbr\bin\nio.dll
0x00007ff90a630000 - 0x00007ff90a640000 	D:\android studio\jbr\bin\verify.dll
0x00007ff8fa7d0000 - 0x00007ff8fa7f7000 	C:\Users\Intel\.gradle\native\68d5fa5c4cc2d200863cafc0d521ce42e7d3e7ee720ec0a83991735586a16f82\windows-amd64\native-platform.dll
0x00007ff8e15c0000 - 0x00007ff8e1704000 	C:\Users\Intel\.gradle\native\e376f236ea51e6404a007f0833ffe2c6e607c4080706a723a18a27aeea778392\windows-amd64\native-platform-file-events.dll
0x00007ff90a450000 - 0x00007ff90a459000 	D:\android studio\jbr\bin\management.dll
0x00007ff9089a0000 - 0x00007ff9089ab000 	D:\android studio\jbr\bin\management_ext.dll
0x00007ff92ddb0000 - 0x00007ff92ddb8000 	C:\WINDOWS\System32\PSAPI.DLL
0x00007ff92c2e0000 - 0x00007ff92c2fb000 	C:\WINDOWS\SYSTEM32\CRYPTSP.dll
0x00007ff92baf0000 - 0x00007ff92bb25000 	C:\WINDOWS\system32\rsaenh.dll
0x00007ff92c170000 - 0x00007ff92c19c000 	C:\WINDOWS\SYSTEM32\USERENV.dll
0x00007ff92c490000 - 0x00007ff92c4b8000 	C:\WINDOWS\SYSTEM32\bcrypt.dll
0x00007ff92c2d0000 - 0x00007ff92c2dc000 	C:\WINDOWS\SYSTEM32\CRYPTBASE.dll
0x00007ff92b5e0000 - 0x00007ff92b60d000 	C:\WINDOWS\SYSTEM32\IPHLPAPI.DLL
0x00007ff92e8d0000 - 0x00007ff92e8d9000 	C:\WINDOWS\System32\NSI.dll
0x00007ff927310000 - 0x00007ff927329000 	C:\WINDOWS\SYSTEM32\dhcpcsvc6.DLL
0x00007ff9272f0000 - 0x00007ff92730f000 	C:\WINDOWS\SYSTEM32\dhcpcsvc.DLL
0x00007ff92b610000 - 0x00007ff92b702000 	C:\WINDOWS\SYSTEM32\DNSAPI.dll
0x00007ff924670000 - 0x00007ff924678000 	C:\WINDOWS\system32\wshunix.dll

dbghelp: loaded successfully - version: 4.0.5 - missing functions: none
symbol engine: initialized successfully - sym options: 0x614 - pdb path: .;D:\android studio\jbr\bin;C:\WINDOWS\SYSTEM32;C:\WINDOWS\WinSxS\amd64_microsoft.windows.common-controls_6595b64144ccf1df_6.0.22621.2215_none_270d72677387dfc3;D:\android studio\jbr\bin\server;C:\Users\Intel\.gradle\native\68d5fa5c4cc2d200863cafc0d521ce42e7d3e7ee720ec0a83991735586a16f82\windows-amd64;C:\Users\Intel\.gradle\native\e376f236ea51e6404a007f0833ffe2c6e607c4080706a723a18a27aeea778392\windows-amd64

VM Arguments:
jvm_args: --add-opens=java.base/java.util=ALL-UNNAMED --add-opens=java.base/java.lang=ALL-UNNAMED --add-opens=java.base/java.lang.invoke=ALL-UNNAMED --add-opens=java.prefs/java.util.prefs=ALL-UNNAMED --add-opens=java.base/java.nio.charset=ALL-UNNAMED --add-opens=java.base/java.net=ALL-UNNAMED --add-opens=java.base/java.util.concurrent.atomic=ALL-UNNAMED -Xmx2048m -Dfile.encoding=UTF-8 -Duser.country=GB -Duser.language=en -Duser.variant 
java_command: org.gradle.launcher.daemon.bootstrap.GradleDaemon 8.0
java_class_path (initial): C:\Users\Intel\.gradle\wrapper\dists\gradle-8.0-bin\ca5e32bp14vu59qr306oxotwh\gradle-8.0\lib\gradle-launcher-8.0.jar
Launcher Type: SUN_STANDARD

[Global flags]
     intx CICompilerCount                          = 4                                         {product} {ergonomic}
     uint ConcGCThreads                            = 2                                         {product} {ergonomic}
     uint G1ConcRefinementThreads                  = 8                                         {product} {ergonomic}
   size_t G1HeapRegionSize                         = 1048576                                   {product} {ergonomic}
    uintx GCDrainStackTargetSize                   = 64                                        {product} {ergonomic}
   size_t InitialHeapSize                          = 132120576                                 {product} {ergonomic}
   size_t MarkStackSize                            = 4194304                                   {product} {ergonomic}
   size_t MaxHeapSize                              = 2147483648                                {product} {command line}
   size_t MaxNewSize                               = 1287651328                                {product} {ergonomic}
   size_t MinHeapDeltaBytes                        = 1048576                                   {product} {ergonomic}
   size_t MinHeapSize                              = 8388608                                   {product} {ergonomic}
    uintx NonNMethodCodeHeapSize                   = 5839372                                {pd product} {ergonomic}
    uintx NonProfiledCodeHeapSize                  = 122909434                              {pd product} {ergonomic}
    uintx ProfiledCodeHeapSize                     = 122909434                              {pd product} {ergonomic}
    uintx ReservedCodeCacheSize                    = 251658240                              {pd product} {ergonomic}
     bool SegmentedCodeCache                       = true                                      {product} {ergonomic}
   size_t SoftMaxHeapSize                          = 2147483648                             {manageable} {ergonomic}
     bool UseCompressedClassPointers               = true                           {product lp64_product} {ergonomic}
     bool UseCompressedOops                        = true                           {product lp64_product} {ergonomic}
     bool UseG1GC                                  = true                                      {product} {ergonomic}
     bool UseLargePagesIndividualAllocation        = false                                  {pd product} {ergonomic}

Logging:
Log output configuration:
 #0: stdout all=warning uptime,level,tags
 #1: stderr all=off uptime,level,tags

Environment Variables:
PATH=C:\Program Files (x86)\Common Files\Intel\Shared Libraries\redist\intel64\compiler;C:\WINDOWS\system32;C:\WINDOWS;C:\WINDOWS\System32\Wbem;C:\WINDOWS\System32\WindowsPowerShell\v1.0\;C:\WINDOWS\System32\OpenSSH\;D:\git\cmd;C:\Users\Intel\Documents\flutter\bin;D:\android studio\bin;C:\ProgramData\chocolatey\bin;D:\nodejs\;C:\Program Files (x86)\dotnet\;C:\xampp\php;D:\python_source\Scripts\;D:\python_source\;C:\Users\Intel\AppData\Local\Microsoft\WindowsApps;C:\Users\Intel\.nixpacks\bin;D:\android studio\bin;C:\tools\dart-sdk\bin;C:\Users\Intel\AppData\Roaming\Pub\Cache\bin;C:\Users\Intel\AppData\Local\Microsoft\WindowsApps;D:\pycharm\bin;;D:\pycharm\bin;;C:\Users\Intel\AppData\Roaming\npm;D:\webstorm\bin;;C:\Users\Intel\.dotnet\tools;D:\android sdk\platform-tools;D:\android sdk;D:\android sdk\emulator;D:\android sdk\platform;D:\vscode\bin;D:\Brackets\
USERNAME=Intel
OS=Windows_NT
PROCESSOR_IDENTIFIER=Intel64 Family 6 Model 142 Stepping 12, GenuineIntel
TMP=C:\Users\Intel\AppData\Local\Temp
TEMP=C:\Users\Intel\AppData\Local\Temp


JNI global refs:
JNI global refs: 25, weak refs: 0

JNI global refs memory usage: 843, weak refs: 209


---------------  S Y S T E M  ---------------

OS:
 Windows 11 , 64 bit Build 22621 (10.0.22621.2215)
OS uptime: 0 days 3:16 hours

CPU: total 8 (initial active 8) (4 cores per cpu, 2 threads per core) family 6 model 142 stepping 12 microcode 0xea, cx8, cmov, fxsr, ht, mmx, 3dnowpref, sse, sse2, sse3, ssse3, sse4.1, sse4.2, popcnt, lzcnt, tsc, tscinvbit, avx, avx2, aes, erms, clmul, bmi1, bmi2, adx, fma, vzeroupper, clflush, clflushopt

Memory: 4k page, system-wide physical 8025M (95M free)
TotalPageFile size 17656M (AvailPageFile size 7M)
current process WorkingSet (physical memory assigned to process): 222M, peak: 245M
current process commit charge ("private bytes"): 320M, peak: 321M

vm_info: OpenJDK 64-Bit Server VM (17.0.6+0-b2043.56-10027231) for windows-amd64 JRE (17.0.6+0-b2043.56-10027231), built on Apr 28 2023 00:43:19 by "androidbuild" with MS VC++ 16.10 / 16.11 (VS2019)

END.
